# JRE version: OpenJDK Runtime Environment Temurin-17.0.11+9 (17.0.11+9) (build 17.0.11+9)
# Java VM: OpenJDK 64-Bit Server VM Temurin-17.0.11+9 (17.0.11+9, mixed mode, emulated-client, tiered, compressed oops, compressed class ptrs, g1 gc, windows-amd64)
GC Precious Log:
 CPUs: 4 total, 4 available
 Memory: 8026M
 Large Page Support: Disabled
 NUMA Support: Disabled
 Compressed Oops: Enabled (32-bit)
 Heap Region Size: 1M
 Heap Min Capacity: 8M
 Heap Initial Capacity: 126M
 Heap Max Capacity: 1G
 Pre-touch: Disabled
 Parallel Workers: 4
 Concurrent Workers: 1
 Concurrent Refinement Workers: 4
 Periodic GC: Disabled
Heap:
 garbage-first heap   total 78848K, used 25139K [0x00000000c0000000, 0x0000000100000000)
  region size 1024K, 1 young (1024K), 0 survivors (0K)
 Metaspace       used 40929K, committed 41472K, reserved 1114112K
  class space    used 5227K, committed 5440K, reserved 1048576K
GC Heap History (20 events):
Event: 8.417 GC heap before
{Heap before GC invocations=3 (full 0):
 garbage-first heap   total 129024K, used 56759K [0x00000000c0000000, 0x0000000100000000)
  region size 1024K, 43 young (44032K), 2 survivors (2048K)
 Metaspace       used 21307K, committed 21504K, reserved 1114112K
  class space    used 2629K, committed 2752K, reserved 1048576K
}
Event: 8.428 GC heap after
{Heap after GC invocations=4 (full 0):
 garbage-first heap   total 129024K, used 20425K [0x00000000c0000000, 0x0000000100000000)
  region size 1024K, 5 young (5120K), 5 survivors (5120K)
 Metaspace       used 21307K, committed 21504K, reserved 1114112K
  class space    used 2629K, committed 2752K, reserved 1048576K
}
Event: 9.409 GC heap before
{Heap before GC invocations=5 (full 0):
 garbage-first heap   total 78848K, used 62409K [0x00000000c0000000, 0x0000000100000000)
  region size 1024K, 46 young (47104K), 5 survivors (5120K)
 Metaspace       used 28198K, committed 28480K, reserved 1114112K
  class space    used 3520K, committed 3648K, reserved 1048576K
}
Event: 9.422 GC heap after
{Heap after GC invocations=6 (full 0):
 garbage-first heap   total 78848K, used 24310K [0x00000000c0000000, 0x0000000100000000)
  region size 1024K, 4 young (4096K), 4 survivors (4096K)
 Metaspace       used 28198K, committed 28480K, reserved 1114112K
  class space    used 3520K, committed 3648K, reserved 1048576K
}
Event: 10.619 GC heap before
{Heap before GC invocations=6 (full 0):
 garbage-first heap   total 78848K, used 50934K [0x00000000c0000000, 0x0000000100000000)
  region size 1024K, 31 young (31744K), 4 survivors (4096K)
 Metaspace       used 32354K, committed 32768K, reserved 1114112K
  class space    used 4109K, committed 4288K, reserved 1048576K
}
Event: 10.631 GC heap after
{Heap after GC invocations=7 (full 0):
 garbage-first heap   total 78848K, used 26226K [0x00000000c0000000, 0x0000000100000000)
  region size 1024K, 3 young (3072K), 3 survivors (3072K)
 Metaspace       used 32354K, committed 32768K, reserved 1114112K
  class space    used 4109K, committed 4288K, reserved 1048576K
}
Event: 12.150 GC heap before
{Heap before GC invocations=7 (full 0):
 garbage-first heap   total 78848K, used 48754K [0x00000000c0000000, 0x0000000100000000)
  region size 1024K, 25 young (25600K), 3 survivors (3072K)
 Metaspace       used 36082K, committed 36416K, reserved 1114112K
  class space    used 4446K, committed 4608K, reserved 1048576K
}
Event: 12.163 GC heap after
{Heap after GC invocations=8 (full 0):
 garbage-first heap   total 78848K, used 28440K [0x00000000c0000000, 0x0000000100000000)
  region size 1024K, 3 young (3072K), 3 survivors (3072K)
 Metaspace       used 36082K, committed 36416K, reserved 1114112K
  class space    used 4446K, committed 4608K, reserved 1048576K
}
Event: 16.282 GC heap before
{Heap before GC invocations=9 (full 0):
 garbage-first heap   total 78848K, used 56088K [0x00000000c0000000, 0x0000000100000000)
  region size 1024K, 30 young (30720K), 3 survivors (3072K)
 Metaspace       used 40702K, committed 41088K, reserved 1114112K
  class space    used 5198K, committed 5376K, reserved 1048576K
}
Event: 16.289 GC heap after
{Heap after GC invocations=10 (full 0):
 garbage-first heap   total 78848K, used 30778K [0x00000000c0000000, 0x0000000100000000)
  region size 1024K, 3 young (3072K), 3 survivors (3072K)
 Metaspace       used 40702K, committed 41088K, reserved 1114112K
  class space    used 5198K, committed 5376K, reserved 1048576K
}
Event: 55.307 GC heap before
{Heap before GC invocations=10 (full 0):
 garbage-first heap   total 78848K, used 32826K [0x00000000c0000000, 0x0000000100000000)
  region size 1024K, 6 young (6144K), 3 survivors (3072K)
 Metaspace       used 41080K, committed 41472K, reserved 1114112K
  class space    used 5265K, committed 5440K, reserved 1048576K
}
Event: 55.354 GC heap after
{Heap after GC invocations=11 (full 1):
 garbage-first heap   total 78848K, used 29012K [0x00000000c0000000, 0x0000000100000000)
  region size 1024K, 0 young (0K), 0 survivors (0K)
 Metaspace       used 41080K, committed 41472K, reserved 1114112K
  class space    used 5265K, committed 5440K, reserved 1048576K
}
Event: 65.583 GC heap before
{Heap before GC invocations=11 (full 1):
 garbage-first heap   total 78848K, used 29012K [0x00000000c0000000, 0x0000000100000000)
  region size 1024K, 1 young (1024K), 0 survivors (0K)
 Metaspace       used 41080K, committed 41472K, reserved 1114112K
  class space    used 5265K, committed 5440K, reserved 1048576K
}
Event: 65.616 GC heap after
{Heap after GC invocations=12 (full 2):
 garbage-first heap   total 78848K, used 28500K [0x00000000c0000000, 0x0000000100000000)
  region size 1024K, 0 young (0K), 0 survivors (0K)
 Metaspace       used 41060K, committed 41472K, reserved 1114112K
  class space    used 5260K, committed 5440K, reserved 1048576K
}
Event: 75.857 GC heap before
{Heap before GC invocations=12 (full 2):
 garbage-first heap   total 78848K, used 28500K [0x00000000c0000000, 0x0000000100000000)
  region size 1024K, 1 young (1024K), 0 survivors (0K)
 Metaspace       used 41061K, committed 41472K, reserved 1114112K
  class space    used 5260K, committed 5440K, reserved 1048576K
}
Event: 75.900 GC heap after
{Heap after GC invocations=13 (full 3):
 garbage-first heap   total 78848K, used 25139K [0x00000000c0000000, 0x0000000100000000)
  region size 1024K, 0 young (0K), 0 survivors (0K)
 Metaspace       used 40929K, committed 41472K, reserved 1114112K
  class space    used 5227K, committed 5440K, reserved 1048576K
}
Event: 86.085 GC heap before
{Heap before GC invocations=13 (full 3):
 garbage-first heap   total 78848K, used 25139K [0x00000000c0000000, 0x0000000100000000)
  region size 1024K, 1 young (1024K), 0 survivors (0K)
 Metaspace       used 40929K, committed 41472K, reserved 1114112K
  class space    used 5227K, committed 5440K, reserved 1048576K
}
Event: 86.106 GC heap after
{Heap after GC invocations=14 (full 4):
 garbage-first heap   total 78848K, used 25139K [0x00000000c0000000, 0x0000000100000000)
  region size 1024K, 0 young (0K), 0 survivors (0K)
 Metaspace       used 40929K, committed 41472K, reserved 1114112K
  class space    used 5227K, committed 5440K, reserved 1048576K
}
Event: 96.314 GC heap before
{Heap before GC invocations=14 (full 4):
 garbage-first heap   total 78848K, used 25139K [0x00000000c0000000, 0x0000000100000000)
  region size 1024K, 1 young (1024K), 0 survivors (0K)
 Metaspace       used 40929K, committed 41472K, reserved 1114112K
  class space    used 5227K, committed 5440K, reserved 1048576K
}
Event: 96.340 GC heap after
{Heap after GC invocations=15 (full 5):
 garbage-first heap   total 78848K, used 25139K [0x00000000c0000000, 0x0000000100000000)
  region size 1024K, 0 young (0K), 0 survivors (0K)
 Metaspace       used 40929K, committed 41472K, reserved 1114112K
  class space    used 5227K, committed 5440K, reserved 1048576K
}

